

Started GET "/" for ::1 at 2015-07-07 08:45:46 -0600
Processing by Rails::WelcomeController#index as HTML
  Rendered /Users/thoth/.rvm/gems/ruby-2.2.1@davinci_coders/gems/railties-4.2.3/lib/rails/templates/rails/welcome/index.html.erb (41.5ms)
Completed 200 OK in 294ms (Views: 243.6ms | ActiveRecord: 0.0ms)


Started GET "/hello/asshat" for ::1 at 2015-07-07 08:45:51 -0600

ActionController::RoutingError (No route matches [GET] "/hello/asshat"):
  actionpack (4.2.3) lib/action_dispatch/middleware/debug_exceptions.rb:21:in `call'
  web-console (2.1.3) lib/web_console/middleware.rb:37:in `call'
  actionpack (4.2.3) lib/action_dispatch/middleware/show_exceptions.rb:30:in `call'
  railties (4.2.3) lib/rails/rack/logger.rb:38:in `call_app'
  railties (4.2.3) lib/rails/rack/logger.rb:20:in `block in call'
  activesupport (4.2.3) lib/active_support/tagged_logging.rb:68:in `block in tagged'
  activesupport (4.2.3) lib/active_support/tagged_logging.rb:26:in `tagged'
  activesupport (4.2.3) lib/active_support/tagged_logging.rb:68:in `tagged'
  railties (4.2.3) lib/rails/rack/logger.rb:20:in `call'
  actionpack (4.2.3) lib/action_dispatch/middleware/request_id.rb:21:in `call'
  rack (1.6.4) lib/rack/methodoverride.rb:22:in `call'
  rack (1.6.4) lib/rack/runtime.rb:18:in `call'
  activesupport (4.2.3) lib/active_support/cache/strategy/local_cache_middleware.rb:28:in `call'
  rack (1.6.4) lib/rack/lock.rb:17:in `call'
  actionpack (4.2.3) lib/action_dispatch/middleware/static.rb:116:in `call'
  rack (1.6.4) lib/rack/sendfile.rb:113:in `call'
  railties (4.2.3) lib/rails/engine.rb:518:in `call'
  railties (4.2.3) lib/rails/application.rb:165:in `call'
  rack (1.6.4) lib/rack/lock.rb:17:in `call'
  rack (1.6.4) lib/rack/content_length.rb:15:in `call'
  rack (1.6.4) lib/rack/handler/webrick.rb:88:in `service'
  /Users/thoth/.rvm/rubies/ruby-2.2.1/lib/ruby/2.2.0/webrick/httpserver.rb:138:in `service'
  /Users/thoth/.rvm/rubies/ruby-2.2.1/lib/ruby/2.2.0/webrick/httpserver.rb:94:in `run'
  /Users/thoth/.rvm/rubies/ruby-2.2.1/lib/ruby/2.2.0/webrick/server.rb:294:in `block in start_thread'


  Rendered /Users/thoth/.rvm/gems/ruby-2.2.1@davinci_coders/gems/actionpack-4.2.3/lib/action_dispatch/middleware/templates/rescues/_trace.html.erb (2.5ms)
  Rendered /Users/thoth/.rvm/gems/ruby-2.2.1@davinci_coders/gems/actionpack-4.2.3/lib/action_dispatch/middleware/templates/routes/_table.html.erb (196.3ms)
  Rendered /Users/thoth/.rvm/gems/ruby-2.2.1@davinci_coders/gems/actionpack-4.2.3/lib/action_dispatch/middleware/templates/rescues/_request_and_response.html.erb (2.2ms)
  Rendered /Users/thoth/.rvm/gems/ruby-2.2.1@davinci_coders/gems/actionpack-4.2.3/lib/action_dispatch/middleware/templates/rescues/routing_error.html.erb within rescues/layout (659.6ms)
  Rendered /Users/thoth/.rvm/gems/ruby-2.2.1@davinci_coders/gems/web-console-2.1.3/lib/web_console/templates/_markup.html.erb (0.7ms)
  Rendered /Users/thoth/.rvm/gems/ruby-2.2.1@davinci_coders/gems/web-console-2.1.3/lib/web_console/templates/style.css.erb within layouts/inlined_string (0.4ms)
  Rendered /Users/thoth/.rvm/gems/ruby-2.2.1@davinci_coders/gems/web-console-2.1.3/lib/web_console/templates/_inner_console_markup.html.erb within layouts/inlined_string (0.4ms)
  Rendered /Users/thoth/.rvm/gems/ruby-2.2.1@davinci_coders/gems/web-console-2.1.3/lib/web_console/templates/_prompt_box_markup.html.erb within layouts/inlined_string (0.7ms)
  Rendered /Users/thoth/.rvm/gems/ruby-2.2.1@davinci_coders/gems/web-console-2.1.3/lib/web_console/templates/console.js.erb within layouts/javascript (339.6ms)
  Rendered /Users/thoth/.rvm/gems/ruby-2.2.1@davinci_coders/gems/web-console-2.1.3/lib/web_console/templates/main.js.erb within layouts/javascript (0.4ms)
  Rendered /Users/thoth/.rvm/gems/ruby-2.2.1@davinci_coders/gems/web-console-2.1.3/lib/web_console/templates/error_page.js.erb within layouts/javascript (0.5ms)
  Rendered /Users/thoth/.rvm/gems/ruby-2.2.1@davinci_coders/gems/web-console-2.1.3/lib/web_console/templates/index.html.erb (604.2ms)


Started GET "/" for ::1 at 2015-07-07 08:45:55 -0600
Processing by Rails::WelcomeController#index as HTML
  Rendered /Users/thoth/.rvm/gems/ruby-2.2.1@davinci_coders/gems/railties-4.2.3/lib/rails/templates/rails/welcome/index.html.erb (0.1ms)
Completed 200 OK in 2ms (Views: 2.0ms | ActiveRecord: 0.0ms)
